========================================
  风机-雷达干扰评估系统
  Wind Turbine - Radar Interference
  Assessment System
========================================

检查Python版本...
Python版本: 3.11.6
激活虚拟环境...
检查依赖...

启动应用...
请在浏览器中访问: http://localhost:8501
提示: 热加载已启用，修改代码后浏览器会自动刷新

2026-03-04 18:56:11.875 "server.corsAllowedOrigins" is not a valid config option. If you previously had this config option set, it may have been removed.

Collecting usage statistics. To deactivate, set browser.gatherUsageStats to False.

WARNING: Static file serving is enabled, but no static folder found at /root/.openclaw/workspace-greatwall/wind_turbine_radar_system/src/static. To disable static file serving, set server.enableStaticServing to false.

  You can now view your Streamlit app in your browser.

  Network URL: http://10.7.0.17:8501
  External URL: http://43.167.156.156:8501

2026-03-04 22:14:47.710 Session with id 04921449-0e1d-4302-ab7e-47419349bbd9 is already connected! Connecting to a new session.
2026-03-05 07:46:34.620 "server.corsAllowedOrigins" is not a valid config option. If you previously had this config option set, it may have been removed.
